::1 - - [08/Jun/2024:10:41:12 +0000] "GET /category HTTP/1.1" 200 8455
::1 - - [08/Jun/2024:10:41:12 +0000] "GET /css/bootstrap.min.css HTTP/1.1" 304 -
::1 - - [08/Jun/2024:10:41:12 +0000] "GET /css/styles.css HTTP/1.1" 304 -
::1 - - [08/Jun/2024:10:41:12 +0000] "GET /js/bootstrap.min.js HTTP/1.1" 404 158
::1 - - [08/Jun/2024:10:41:12 +0000] "GET /fonts/glyphicons-halflings-regular.woff HTTP/1.1" 404 178
::1 - - [08/Jun/2024:10:41:12 +0000] "GET /fonts/glyphicons-halflings-regular.ttf HTTP/1.1" 404 177
::1 - - [08/Jun/2024:10:41:13 +0000] "GET / HTTP/1.1" 200 9508
::1 - - [08/Jun/2024:10:41:13 +0000] "GET /css/bootstrap.min.css HTTP/1.1" 304 -
::1 - - [08/Jun/2024:10:41:13 +0000] "GET /css/styles.css HTTP/1.1" 304 -
::1 - - [08/Jun/2024:10:41:13 +0000] "GET /js/bootstrap.min.js HTTP/1.1" 404 158
::1 - - [08/Jun/2024:10:41:13 +0000] "GET /fonts/glyphicons-halflings-regular.woff HTTP/1.1" 404 178
::1 - - [08/Jun/2024:10:41:13 +0000] "GET /fonts/glyphicons-halflings-regular.ttf HTTP/1.1" 404 177
::1 - - [08/Jun/2024:10:41:14 +0000] "GET /category HTTP/1.1" 304 -
::1 - - [08/Jun/2024:10:41:14 +0000] "GET /css/bootstrap.min.css HTTP/1.1" 304 -
::1 - - [08/Jun/2024:10:41:14 +0000] "GET /css/styles.css HTTP/1.1" 304 -
::1 - - [08/Jun/2024:10:41:14 +0000] "GET /js/bootstrap.min.js HTTP/1.1" 404 158
::1 - - [08/Jun/2024:10:41:14 +0000] "GET /fonts/glyphicons-halflings-regular.woff HTTP/1.1" 404 178
::1 - - [08/Jun/2024:10:41:14 +0000] "GET /fonts/glyphicons-halflings-regular.ttf HTTP/1.1" 404 177
::1 - - [08/Jun/2024:10:41:15 +0000] "GET /products HTTP/1.1" 200 49768
::1 - - [08/Jun/2024:10:41:15 +0000] "GET /css/bootstrap.min.css HTTP/1.1" 304 -
::1 - - [08/Jun/2024:10:41:15 +0000] "GET /css/styles.css HTTP/1.1" 304 -
::1 - - [08/Jun/2024:10:41:15 +0000] "GET /js/bootstrap.min.js HTTP/1.1" 404 158
::1 - - [08/Jun/2024:10:41:15 +0000] "GET /fonts/glyphicons-halflings-regular.woff HTTP/1.1" 404 178
::1 - - [08/Jun/2024:10:41:15 +0000] "GET /fonts/glyphicons-halflings-regular.ttf HTTP/1.1" 404 177
::1 - - [08/Jun/2024:10:41:17 +0000] "GET /category HTTP/1.1" 304 -
::1 - - [08/Jun/2024:10:41:17 +0000] "GET /css/bootstrap.min.css HTTP/1.1" 304 -
::1 - - [08/Jun/2024:10:41:17 +0000] "GET /css/styles.css HTTP/1.1" 304 -
::1 - - [08/Jun/2024:10:41:17 +0000] "GET /js/bootstrap.min.js HTTP/1.1" 404 158
::1 - - [08/Jun/2024:10:41:17 +0000] "GET /fonts/glyphicons-halflings-regular.woff HTTP/1.1" 404 178
::1 - - [08/Jun/2024:10:41:17 +0000] "GET /fonts/glyphicons-halflings-regular.ttf HTTP/1.1" 404 177
::1 - - [08/Jun/2024:10:41:20 +0000] "GET /products/category/1 HTTP/1.1" 200 42936
::1 - - [08/Jun/2024:10:41:20 +0000] "GET /products/category/css/bootstrap.min.css HTTP/1.1" 404 178
::1 - - [08/Jun/2024:10:41:20 +0000] "GET /css/styles.css HTTP/1.1" 304 -
::1 - - [08/Jun/2024:10:41:20 +0000] "GET /products/category/js/bootstrap.min.js HTTP/1.1" 404 176
::1 - - [08/Jun/2024:10:41:58 +0000] "GET /products/category/1 HTTP/1.1" 200 42935
::1 - - [08/Jun/2024:10:41:58 +0000] "GET /products/category/css/styles.css HTTP/1.1" 404 171
::1 - - [08/Jun/2024:10:41:58 +0000] "GET /products/category/css/bootstrap.min.css HTTP/1.1" 404 178
::1 - - [08/Jun/2024:10:41:58 +0000] "GET /products/category/js/bootstrap.min.js HTTP/1.1" 404 176
::1 - - [08/Jun/2024:10:42:03 +0000] "GET /products/category/1 HTTP/1.1" 304 -
::1 - - [08/Jun/2024:10:42:03 +0000] "GET /products/category/css/bootstrap.min.css HTTP/1.1" 404 178
::1 - - [08/Jun/2024:10:42:03 +0000] "GET /products/category/css/styles.css HTTP/1.1" 404 171
::1 - - [08/Jun/2024:10:42:03 +0000] "GET /products/category/js/bootstrap.min.js HTTP/1.1" 404 176
::1 - - [08/Jun/2024:10:42:03 +0000] "GET /products/category/1 HTTP/1.1" 304 -
::1 - - [08/Jun/2024:10:42:03 +0000] "GET /products/category/css/bootstrap.min.css HTTP/1.1" 404 178
::1 - - [08/Jun/2024:10:42:03 +0000] "GET /products/category/css/styles.css HTTP/1.1" 404 171
::1 - - [08/Jun/2024:10:42:03 +0000] "GET /products/category/js/bootstrap.min.js HTTP/1.1" 404 176
::1 - - [08/Jun/2024:10:42:04 +0000] "GET /products/category/1 HTTP/1.1" 304 -
::1 - - [08/Jun/2024:10:42:04 +0000] "GET /products/category/css/bootstrap.min.css HTTP/1.1" 404 178
::1 - - [08/Jun/2024:10:42:04 +0000] "GET /products/category/css/styles.css HTTP/1.1" 404 171
::1 - - [08/Jun/2024:10:42:04 +0000] "GET /products/category/js/bootstrap.min.js HTTP/1.1" 404 176
::1 - - [08/Jun/2024:10:42:05 +0000] "GET /products/category/1 HTTP/1.1" 304 -
::1 - - [08/Jun/2024:10:42:05 +0000] "GET /products/category/css/bootstrap.min.css HTTP/1.1" 404 178
::1 - - [08/Jun/2024:10:42:05 +0000] "GET /products/category/css/styles.css HTTP/1.1" 404 171
::1 - - [08/Jun/2024:10:42:05 +0000] "GET /products/category/js/bootstrap.min.js HTTP/1.1" 404 176
::1 - - [08/Jun/2024:10:42:05 +0000] "GET /products/category/1 HTTP/1.1" 304 -
::1 - - [08/Jun/2024:10:42:05 +0000] "GET /products/category/css/bootstrap.min.css HTTP/1.1" 404 178
::1 - - [08/Jun/2024:10:42:05 +0000] "GET /products/category/css/styles.css HTTP/1.1" 404 171
::1 - - [08/Jun/2024:10:42:05 +0000] "GET /products/category/js/bootstrap.min.js HTTP/1.1" 404 176
::1 - - [08/Jun/2024:10:42:06 +0000] "GET /products/category/1 HTTP/1.1" 304 -
::1 - - [08/Jun/2024:10:42:06 +0000] "GET /products/category/css/bootstrap.min.css HTTP/1.1" 404 178
::1 - - [08/Jun/2024:10:42:06 +0000] "GET /products/category/css/styles.css HTTP/1.1" 404 171
::1 - - [08/Jun/2024:10:42:06 +0000] "GET /products/category/js/bootstrap.min.js HTTP/1.1" 404 176
::1 - - [08/Jun/2024:10:42:25 +0000] "GET /products/category/1 HTTP/1.1" 200 42936
::1 - - [08/Jun/2024:10:42:25 +0000] "GET /products/category/css/bootstrap.min.css HTTP/1.1" 404 178
::1 - - [08/Jun/2024:10:42:25 +0000] "GET /css/styles.css HTTP/1.1" 304 -
::1 - - [08/Jun/2024:10:42:25 +0000] "GET /products/category/js/bootstrap.min.js HTTP/1.1" 404 176
::1 - - [08/Jun/2024:10:42:25 +0000] "GET /products/category/css/bootstrap.min.css HTTP/1.1" 404 178
::1 - - [08/Jun/2024:10:42:40 +0000] "GET /products/category/1 HTTP/1.1" 304 -
::1 - - [08/Jun/2024:10:42:40 +0000] "GET /products/category/css/bootstrap.min.css HTTP/1.1" 404 178
::1 - - [08/Jun/2024:10:42:40 +0000] "GET /css/styles.css HTTP/1.1" 304 -
::1 - - [08/Jun/2024:10:42:40 +0000] "GET /products/category/js/bootstrap.min.js HTTP/1.1" 404 176
::1 - - [08/Jun/2024:10:42:40 +0000] "GET /products/category/css/bootstrap.min.css HTTP/1.1" 404 178
::1 - - [08/Jun/2024:10:42:43 +0000] "GET /category HTTP/1.1" 304 -
::1 - - [08/Jun/2024:10:42:43 +0000] "GET /css/bootstrap.min.css HTTP/1.1" 304 -
::1 - - [08/Jun/2024:10:42:43 +0000] "GET /css/styles.css HTTP/1.1" 304 -
::1 - - [08/Jun/2024:10:42:43 +0000] "GET /js/bootstrap.min.js HTTP/1.1" 404 158
::1 - - [08/Jun/2024:10:42:43 +0000] "GET /fonts/glyphicons-halflings-regular.woff HTTP/1.1" 404 178
::1 - - [08/Jun/2024:10:42:43 +0000] "GET /fonts/glyphicons-halflings-regular.ttf HTTP/1.1" 404 177
::1 - - [08/Jun/2024:10:42:47 +0000] "GET /products HTTP/1.1" 304 -
::1 - - [08/Jun/2024:10:42:47 +0000] "GET /css/bootstrap.min.css HTTP/1.1" 304 -
::1 - - [08/Jun/2024:10:42:47 +0000] "GET /css/styles.css HTTP/1.1" 304 -
::1 - - [08/Jun/2024:10:42:47 +0000] "GET /js/bootstrap.min.js HTTP/1.1" 404 158
::1 - - [08/Jun/2024:10:42:47 +0000] "GET /fonts/glyphicons-halflings-regular.woff HTTP/1.1" 404 178
::1 - - [08/Jun/2024:10:42:47 +0000] "GET /fonts/glyphicons-halflings-regular.ttf HTTP/1.1" 404 177
::1 - - [08/Jun/2024:10:42:49 +0000] "GET /category HTTP/1.1" 304 -
::1 - - [08/Jun/2024:10:42:49 +0000] "GET /css/bootstrap.min.css HTTP/1.1" 304 -
::1 - - [08/Jun/2024:10:42:49 +0000] "GET /css/styles.css HTTP/1.1" 304 -
::1 - - [08/Jun/2024:10:42:49 +0000] "GET /js/bootstrap.min.js HTTP/1.1" 404 158
::1 - - [08/Jun/2024:10:42:49 +0000] "GET /fonts/glyphicons-halflings-regular.woff HTTP/1.1" 404 178
::1 - - [08/Jun/2024:10:42:49 +0000] "GET /fonts/glyphicons-halflings-regular.ttf HTTP/1.1" 404 177
::1 - - [08/Jun/2024:10:42:51 +0000] "GET /products/category/1 HTTP/1.1" 304 -
::1 - - [08/Jun/2024:10:42:51 +0000] "GET /products/category/css/bootstrap.min.css HTTP/1.1" 404 178
::1 - - [08/Jun/2024:10:42:51 +0000] "GET /css/styles.css HTTP/1.1" 304 -
::1 - - [08/Jun/2024:10:42:51 +0000] "GET /products/category/js/bootstrap.min.js HTTP/1.1" 404 176
